e:\kodisoft\myparticles\myparticles\x64\release\myparticles.pch
e:\kodisoft\myparticles\myparticles\x64\release\vc140.pdb
e:\kodisoft\myparticles\myparticles\x64\release\stdafx.obj
e:\kodisoft\myparticles\myparticles\x64\release\myparticles.obj
e:\kodisoft\myparticles\myparticles\x64\release\ddstextureloader.obj
e:\kodisoft\myparticles\x64\release\particlerender.cso
e:\kodisoft\myparticles\x64\release\particlesolver.cso
e:\kodisoft\myparticles\x64\release\myparticles.exe
e:\kodisoft\myparticles\x64\release\myparticles.ipdb
e:\kodisoft\myparticles\x64\release\myparticles.iobj
e:\kodisoft\myparticles\x64\release\myparticles.pdb
e:\kodisoft\myparticles\myparticles\x64\release\myparticles.res
e:\kodisoft\myparticles\myparticles\x64\release\myparticles.vcxprojresolveassemblyreference.cache
e:\kodisoft\myparticles\myparticles\x64\release\myparticles.tlog\cl.command.1.tlog
e:\kodisoft\myparticles\myparticles\x64\release\myparticles.tlog\cl.read.1.tlog
e:\kodisoft\myparticles\myparticles\x64\release\myparticles.tlog\cl.write.1.tlog
e:\kodisoft\myparticles\myparticles\x64\release\myparticles.tlog\fxc.command.1.tlog
e:\kodisoft\myparticles\myparticles\x64\release\myparticles.tlog\fxc.read.1.tlog
e:\kodisoft\myparticles\myparticles\x64\release\myparticles.tlog\fxc.write.1.tlog
e:\kodisoft\myparticles\myparticles\x64\release\myparticles.tlog\link.command.1.tlog
e:\kodisoft\myparticles\myparticles\x64\release\myparticles.tlog\link.read.1.tlog
e:\kodisoft\myparticles\myparticles\x64\release\myparticles.tlog\link.write.1.tlog
e:\kodisoft\myparticles\myparticles\x64\release\myparticles.tlog\myparticles.write.1u.tlog
e:\kodisoft\myparticles\myparticles\x64\release\myparticles.tlog\rc.command.1.tlog
e:\kodisoft\myparticles\myparticles\x64\release\myparticles.tlog\rc.read.1.tlog
e:\kodisoft\myparticles\myparticles\x64\release\myparticles.tlog\rc.write.1.tlog
