e:\kodisoft\myparticles\myparticles\x64\debug\myparticles.pch
e:\kodisoft\myparticles\myparticles\x64\debug\vc140.pdb
e:\kodisoft\myparticles\myparticles\x64\debug\vc140.idb
e:\kodisoft\myparticles\myparticles\x64\debug\stdafx.obj
e:\kodisoft\myparticles\myparticles\x64\debug\ddstextureloader.obj
e:\kodisoft\myparticles\myparticles\x64\debug\myparticles.obj
e:\kodisoft\myparticles\x64\debug\particlerender.cso
e:\kodisoft\myparticles\x64\debug\particlesolver.cso
e:\kodisoft\myparticles\x64\debug\myparticles.ilk
e:\kodisoft\myparticles\x64\debug\myparticles.exe
e:\kodisoft\myparticles\x64\debug\myparticles.pdb
e:\kodisoft\myparticles\myparticles\x64\debug\myparticles.res
e:\kodisoft\myparticles\myparticles\x64\debug\myparticles.vcxprojresolveassemblyreference.cache
e:\kodisoft\myparticles\myparticles\x64\debug\myparticles.tlog\cl.command.1.tlog
e:\kodisoft\myparticles\myparticles\x64\debug\myparticles.tlog\cl.read.1.tlog
e:\kodisoft\myparticles\myparticles\x64\debug\myparticles.tlog\cl.write.1.tlog
e:\kodisoft\myparticles\myparticles\x64\debug\myparticles.tlog\fxc.command.1.tlog
e:\kodisoft\myparticles\myparticles\x64\debug\myparticles.tlog\fxc.read.1.tlog
e:\kodisoft\myparticles\myparticles\x64\debug\myparticles.tlog\fxc.write.1.tlog
e:\kodisoft\myparticles\myparticles\x64\debug\myparticles.tlog\link.command.1.tlog
e:\kodisoft\myparticles\myparticles\x64\debug\myparticles.tlog\link.read.1.tlog
e:\kodisoft\myparticles\myparticles\x64\debug\myparticles.tlog\link.write.1.tlog
e:\kodisoft\myparticles\myparticles\x64\debug\myparticles.tlog\myparticles.write.1u.tlog
e:\kodisoft\myparticles\myparticles\x64\debug\myparticles.tlog\rc.command.1.tlog
e:\kodisoft\myparticles\myparticles\x64\debug\myparticles.tlog\rc.read.1.tlog
e:\kodisoft\myparticles\myparticles\x64\debug\myparticles.tlog\rc.write.1.tlog
